../acs2d/acs2d.c   ../acs2d/do2d.c   ../acs2d/dodark.c   ../acs2d/doflat.c   ../acs2d/dononlin.c
../acs2d/dophot.c   ../acs2d/doshad.c   ../acs2d/dospot.c   ../acs2d/get2dflags.c
../acs2d/getlintab.c   ../acs2d/getspottab.c   ../acs2d/main2d.c   ../acs2d/photmode.c
../acs2d/sanity2d.c  ../acs2d/get2dsw.c

../acsccd/acsccd.c   ../acsccd/blevdrift.c   ../acsccd/blevfit.c   ../acsccd/dosink.c
../acsccd/doatod.c   ../acsccd/dobias.c   ../acsccd/doblev.c   ../acsccd/doblev_v504.c
../acsccd/doccd.c   ../acsccd/doflash.c   ../acsccd/findblev.c   ../acsccd/findover.c
../acsccd/getacsflag.c   ../acsccd/getccdsw.c   ../acsccd/mainccd.c

../acscte/dopcte.c   ../acscte/pcte_fixycte.c   ../acscte/pcte_funcs.c   ../acscte/docte.c
../acscte/maincte.c   ../acscte/acscte.c   ../acscte/getcteflag.c   ../acscte/getctesw.c

../acsrej/acsrej.c   ../acsrej/acsrej_check.c   ../acsrej/acsrej_do.c   ../acsrej/acsrej_init.c
../acsrej/acsrej_loop.c   ../acsrej/acsrej_sky.c   ../acsrej/cr_history.c
../acsrej/cr_mode.c   ../acsrej/cr_scaling.c   ../acsrej/mainrej.c   ../acsrej/piksrt.c
../acsrej/readpar.c   ../acsrej/rej_command.c

../acssum/acssum.c   ../acssum/mainsum.c

../calacs/acsdth.c   ../calacs/acsinit.c   ../calacs/acsmain.c   ../calacs/acsmember.c
../calacs/acstable.c   ../calacs/calacs.c   ../calacs/getflags.c   ../calacs/getnewref.c
../calacs/getsciinfo.c   ../calacs/refexist.c   ../calacs/sciflags.c

lib/acshist.c

acsinfo.c   acssect.c   addk2d.c   bin2d.c   bincoords.c
binupdate.c   comparenum.c   defswitch.c   detchip.c
detnsegn.c   div1d.c   dodqi.c   donoise.c   dostat.c
err.c   fileexists.c   findbin.c   findroot.c   fromlt.c
getacsgrp.c   getacskeys.c   getccdtab.c   getcorner.c
getlt.c   getrefname.c   getswitch.c   gotfilename.c
imghistory.c   imgpedigree.c   initmulti.c   interp1d.c
interpinfo.c   key.c   loadhead.c   logprogress.c   lowcase.c
median.c   mkname.c   mkoutname.c   mkspt.c   mult1d.c
multk1d.c   multk2d.c   omitstep.c   parseamps.c   parsedate.c
prinfo.c   reffiles.c   rowpedigree.c   sameint.c   spline.c
streqic.c   sub1d.c   tabhistory.c   tabpedigree.c
timestamp.c   trim.c   trlbuf.c   ucalver.c   ufilename.c
unbinline.c   whicherror.c
